11:06:06.641 [JavaFX Application Thread] DEBUG com.intuit.karate.ui.AppSession - 
1 > GET http://restapi.demoqa.com/utilities/books/getallbooks
1 > Accept-Encoding: gzip,deflate
1 > Connection: Keep-Alive
1 > Host: restapi.demoqa.com
1 > User-Agent: Apache-HttpClient/4.5.4 (Java/1.8.0_171)

11:06:07.861 [JavaFX Application Thread] DEBUG com.intuit.karate.ui.AppSession - 
1 < 200
1 < Access-Control-Allow-Origin: *
1 < Cache-Control: max-age=2592000
1 < Connection: keep-alive
1 < Content-Type: application/json
1 < Date: Sun, 01 Jul 2018 04:06:07 GMT
1 < Expires: Tue, 31 Jul 2018 04:06:07 GMT
1 < Server: nginx/1.12.2
1 < Vary: Accept-Encoding,User-Agent
{
    "books": [
        {
            "isbn": "9781593275846",
            "title": "Eloquent JavaScript, Second Edition",
            "subtitle": "A Modern Introduction to Programming",
            "author": "Marijn Haverbeke",
            "published": "2014-12-14T00:00:00.000Z",
            "publisher": "No Starch Press",
            "pages": 472,
            "description": "JavaScript lies at the heart of almost every modern web application, from social apps to the newest browser-based games. Though simple for beginners to pick up and play with, JavaScript is a flexible, complex language that you can use to build full-scale applications.",
            "website": "http:\/\/eloquentjavascript.net\/"
        },
        {
            "isbn": "9781449331818",
            "title": "Learning JavaScript Design Patterns",
            "subtitle": "A JavaScript and jQuery Developer's Guide",
            "author": "Addy Osmani",
            "published": "2012-07-01T00:00:00.000Z",
            "publisher": "O'Reilly Media",
            "pages": 254,
            "description": "With Learning JavaScript Design Patterns, you'll learn how to write beautiful, structured, and maintainable JavaScript by applying classical and modern design patterns to the language. If you want to keep your code efficient, more manageable, and up-to-date with the latest best practices, this book is for you.",
            "website": "http:\/\/www.addyosmani.com\/resources\/essentialjsdesignpatterns\/book\/"
        },
        {
            "isbn": "9781449365035",
            "title": "Speaking JavaScript",
            "subtitle": "An In-Depth Guide for Programmers",
            "author": "Axel Rauschmayer",
            "published": "2014-02-01T00:00:00.000Z",
            "publisher": "O'Reilly Media",
            "pages": 460,
            "description": "Like it or not, JavaScript is everywhere these days-from browser to server to mobile-and now you, too, need to learn the language or dive deeper than you have. This concise book guides you into and through JavaScript, written by a veteran programmer who once found himself in the same position.",
            "website": "http:\/\/speakingjs.com\/"
        },
        {
            "isbn": "9781491950296",
            "title": "Programming JavaScript Applications",
            "subtitle": "Robust Web Architecture with Node, HTML5, and Modern JS Libraries",
            "author": "Eric Elliott",
            "published": "2014-07-01T00:00:00.000Z",
            "publisher": "O'Reilly Media",
            "pages": 254,
            "description": "Take advantage of JavaScript's power to build robust web-scale or enterprise applications that are easy to extend and maintain. By applying the design patterns outlined in this practical book, experienced JavaScript developers will learn how to write flexible and resilient code that's easier-yes, easier-to work with as your code base grows.",
            "website": "http:\/\/chimera.labs.oreilly.com\/books\/1234000000262\/index.html"
        },
        {
            "isbn": "9781593277574",
            "title": "Understanding ECMAScript 6",
            "subtitle": "The Definitive Guide for JavaScript Developers",
            "author": "Nicholas C. Zakas",
            "published": "2016-09-03T00:00:00.000Z",
            "publisher": "No Starch Press",
            "pages": 352,
            "description": "ECMAScript 6 represents the biggest update to the core of JavaScript in the history of the language. In Understanding ECMAScript 6, expert developer Nicholas C. Zakas provides a complete guide to the object types, syntax, and other exciting changes that ECMAScript 6 brings to JavaScript.",
            "website": "https:\/\/leanpub.com\/understandinges6\/read"
        },
        {
            "isbn": "9781491904244",
            "title": "You Don't Know JS",
            "subtitle": "ES6 & Beyond",
            "author": "Kyle Simpson",
            "published": "2015-12-27T00:00:00.000Z",
            "publisher": "O'Reilly Media",
            "pages": 278,
            "description": "No matter how much experience you have with JavaScript, odds are you don\u2019t fully understand the language. As part of the 'You Don\u2019t Know JS' series, this compact guide focuses on new features available in ECMAScript 6 (ES6), the latest version of the standard upon which JavaScript is built.",
            "website": "https:\/\/github.com\/getify\/You-Dont-Know-JS\/tree\/master\/es6%20&%20beyond"
        },
        {
            "isbn": "9781449325862",
            "title": "Git Pocket Guide",
            "subtitle": "A Working Introduction",
            "author": "Richard E. Silverman",
            "published": "2013-08-02T00:00:00.000Z",
            "publisher": "O'Reilly Media",
            "pages": 234,
            "description": "This pocket guide is the perfect on-the-job companion to Git, the distributed version control system. It provides a compact, readable introduction to Git for new users, as well as a reference to common commands and procedures for those of you with Git experience.",
            "website": "http:\/\/chimera.labs.oreilly.com\/books\/1230000000561\/index.html"
        },
        {
            "isbn": "9781449337711",
            "title": "Designing Evolvable Web APIs with ASP.NET",
            "subtitle": "Harnessing the Power of the Web",
            "author": "Glenn Block, et al.",
            "published": "2014-04-07T00:00:00.000Z",
            "publisher": "O'Reilly Media",
            "pages": 538,
            "description": "Design and build Web APIs for a broad range of clients\u2014including browsers and mobile devices\u2014that can adapt to change over time. This practical, hands-on guide takes you through the theory and tools you need to build evolvable HTTP services with Microsoft\u2019s ASP.NET Web API framework. In the process, you\u2019ll learn how design and implement a real-world Web API.",
            "website": "http:\/\/chimera.labs.oreilly.com\/books\/1234000001708\/index.html"
        }
    ]
}

11:06:07.872 [JavaFX Application Thread] DEBUG com.intuit.karate.ui.AppSession - response time in milliseconds: 1732
11:06:54.272 [JavaFX Application Thread] DEBUG com.intuit.karate.ui.AppSession - 
2 > GET http://restapi.demoqa.com/utilities/books/getallbooks
2 > Accept-Encoding: gzip,deflate
2 > Connection: Keep-Alive
2 > Host: restapi.demoqa.com
2 > User-Agent: Apache-HttpClient/4.5.4 (Java/1.8.0_171)

11:06:55.040 [JavaFX Application Thread] DEBUG com.intuit.karate.ui.AppSession - 
2 < 200
2 < Access-Control-Allow-Origin: *
2 < Cache-Control: max-age=2592000
2 < Connection: keep-alive
2 < Content-Type: application/json
2 < Date: Sun, 01 Jul 2018 04:06:55 GMT
2 < Expires: Tue, 31 Jul 2018 04:06:54 GMT
2 < Server: nginx/1.12.2
2 < Vary: Accept-Encoding,User-Agent
{
    "books": [
        {
            "isbn": "9781593275846",
            "title": "Eloquent JavaScript, Second Edition",
            "subtitle": "A Modern Introduction to Programming",
            "author": "Marijn Haverbeke",
            "published": "2014-12-14T00:00:00.000Z",
            "publisher": "No Starch Press",
            "pages": 472,
            "description": "JavaScript lies at the heart of almost every modern web application, from social apps to the newest browser-based games. Though simple for beginners to pick up and play with, JavaScript is a flexible, complex language that you can use to build full-scale applications.",
            "website": "http:\/\/eloquentjavascript.net\/"
        },
        {
            "isbn": "9781449331818",
            "title": "Learning JavaScript Design Patterns",
            "subtitle": "A JavaScript and jQuery Developer's Guide",
            "author": "Addy Osmani",
            "published": "2012-07-01T00:00:00.000Z",
            "publisher": "O'Reilly Media",
            "pages": 254,
            "description": "With Learning JavaScript Design Patterns, you'll learn how to write beautiful, structured, and maintainable JavaScript by applying classical and modern design patterns to the language. If you want to keep your code efficient, more manageable, and up-to-date with the latest best practices, this book is for you.",
            "website": "http:\/\/www.addyosmani.com\/resources\/essentialjsdesignpatterns\/book\/"
        },
        {
            "isbn": "9781449365035",
            "title": "Speaking JavaScript",
            "subtitle": "An In-Depth Guide for Programmers",
            "author": "Axel Rauschmayer",
            "published": "2014-02-01T00:00:00.000Z",
            "publisher": "O'Reilly Media",
            "pages": 460,
            "description": "Like it or not, JavaScript is everywhere these days-from browser to server to mobile-and now you, too, need to learn the language or dive deeper than you have. This concise book guides you into and through JavaScript, written by a veteran programmer who once found himself in the same position.",
            "website": "http:\/\/speakingjs.com\/"
        },
        {
            "isbn": "9781491950296",
            "title": "Programming JavaScript Applications",
            "subtitle": "Robust Web Architecture with Node, HTML5, and Modern JS Libraries",
            "author": "Eric Elliott",
            "published": "2014-07-01T00:00:00.000Z",
            "publisher": "O'Reilly Media",
            "pages": 254,
            "description": "Take advantage of JavaScript's power to build robust web-scale or enterprise applications that are easy to extend and maintain. By applying the design patterns outlined in this practical book, experienced JavaScript developers will learn how to write flexible and resilient code that's easier-yes, easier-to work with as your code base grows.",
            "website": "http:\/\/chimera.labs.oreilly.com\/books\/1234000000262\/index.html"
        },
        {
            "isbn": "9781593277574",
            "title": "Understanding ECMAScript 6",
            "subtitle": "The Definitive Guide for JavaScript Developers",
            "author": "Nicholas C. Zakas",
            "published": "2016-09-03T00:00:00.000Z",
            "publisher": "No Starch Press",
            "pages": 352,
            "description": "ECMAScript 6 represents the biggest update to the core of JavaScript in the history of the language. In Understanding ECMAScript 6, expert developer Nicholas C. Zakas provides a complete guide to the object types, syntax, and other exciting changes that ECMAScript 6 brings to JavaScript.",
            "website": "https:\/\/leanpub.com\/understandinges6\/read"
        },
        {
            "isbn": "9781491904244",
            "title": "You Don't Know JS",
            "subtitle": "ES6 & Beyond",
            "author": "Kyle Simpson",
            "published": "2015-12-27T00:00:00.000Z",
            "publisher": "O'Reilly Media",
            "pages": 278,
            "description": "No matter how much experience you have with JavaScript, odds are you don\u2019t fully understand the language. As part of the 'You Don\u2019t Know JS' series, this compact guide focuses on new features available in ECMAScript 6 (ES6), the latest version of the standard upon which JavaScript is built.",
            "website": "https:\/\/github.com\/getify\/You-Dont-Know-JS\/tree\/master\/es6%20&%20beyond"
        },
        {
            "isbn": "9781449325862",
            "title": "Git Pocket Guide",
            "subtitle": "A Working Introduction",
            "author": "Richard E. Silverman",
            "published": "2013-08-02T00:00:00.000Z",
            "publisher": "O'Reilly Media",
            "pages": 234,
            "description": "This pocket guide is the perfect on-the-job companion to Git, the distributed version control system. It provides a compact, readable introduction to Git for new users, as well as a reference to common commands and procedures for those of you with Git experience.",
            "website": "http:\/\/chimera.labs.oreilly.com\/books\/1230000000561\/index.html"
        },
        {
            "isbn": "9781449337711",
            "title": "Designing Evolvable Web APIs with ASP.NET",
            "subtitle": "Harnessing the Power of the Web",
            "author": "Glenn Block, et al.",
            "published": "2014-04-07T00:00:00.000Z",
            "publisher": "O'Reilly Media",
            "pages": 538,
            "description": "Design and build Web APIs for a broad range of clients\u2014including browsers and mobile devices\u2014that can adapt to change over time. This practical, hands-on guide takes you through the theory and tools you need to build evolvable HTTP services with Microsoft\u2019s ASP.NET Web API framework. In the process, you\u2019ll learn how design and implement a real-world Web API.",
            "website": "http:\/\/chimera.labs.oreilly.com\/books\/1234000001708\/index.html"
        }
    ]
}

11:06:55.051 [JavaFX Application Thread] DEBUG com.intuit.karate.ui.AppSession - response time in milliseconds: 782
11:06:55.069 [JavaFX Application Thread] INFO  com.intuit.karate.ui.AppSession - [print] [
  "Marijn Haverbeke",
  "Addy Osmani",
  "Axel Rauschmayer",
  "Eric Elliott",
  "Nicholas C. Zakas",
  "Kyle Simpson",
  "Richard E. Silverman",
  "Glenn Block, et al."
]

11:09:30.430 [JavaFX Application Thread] DEBUG com.intuit.karate.ui.AppSession - 
3 > GET http://restapi.demoqa.com/utilities/books/getallbooks
3 > Accept-Encoding: gzip,deflate
3 > Connection: Keep-Alive
3 > Host: restapi.demoqa.com
3 > User-Agent: Apache-HttpClient/4.5.4 (Java/1.8.0_171)

11:09:31.709 [JavaFX Application Thread] DEBUG com.intuit.karate.ui.AppSession - 
3 < 200
3 < Access-Control-Allow-Origin: *
3 < Cache-Control: max-age=2592000
3 < Connection: keep-alive
3 < Content-Type: application/json
3 < Date: Sun, 01 Jul 2018 04:09:31 GMT
3 < Expires: Tue, 31 Jul 2018 04:09:31 GMT
3 < Server: nginx/1.12.2
3 < Vary: Accept-Encoding,User-Agent
{
    "books": [
        {
            "isbn": "9781593275846",
            "title": "Eloquent JavaScript, Second Edition",
            "subtitle": "A Modern Introduction to Programming",
            "author": "Marijn Haverbeke",
            "published": "2014-12-14T00:00:00.000Z",
            "publisher": "No Starch Press",
            "pages": 472,
            "description": "JavaScript lies at the heart of almost every modern web application, from social apps to the newest browser-based games. Though simple for beginners to pick up and play with, JavaScript is a flexible, complex language that you can use to build full-scale applications.",
            "website": "http:\/\/eloquentjavascript.net\/"
        },
        {
            "isbn": "9781449331818",
            "title": "Learning JavaScript Design Patterns",
            "subtitle": "A JavaScript and jQuery Developer's Guide",
            "author": "Addy Osmani",
            "published": "2012-07-01T00:00:00.000Z",
            "publisher": "O'Reilly Media",
            "pages": 254,
            "description": "With Learning JavaScript Design Patterns, you'll learn how to write beautiful, structured, and maintainable JavaScript by applying classical and modern design patterns to the language. If you want to keep your code efficient, more manageable, and up-to-date with the latest best practices, this book is for you.",
            "website": "http:\/\/www.addyosmani.com\/resources\/essentialjsdesignpatterns\/book\/"
        },
        {
            "isbn": "9781449365035",
            "title": "Speaking JavaScript",
            "subtitle": "An In-Depth Guide for Programmers",
            "author": "Axel Rauschmayer",
            "published": "2014-02-01T00:00:00.000Z",
            "publisher": "O'Reilly Media",
            "pages": 460,
            "description": "Like it or not, JavaScript is everywhere these days-from browser to server to mobile-and now you, too, need to learn the language or dive deeper than you have. This concise book guides you into and through JavaScript, written by a veteran programmer who once found himself in the same position.",
            "website": "http:\/\/speakingjs.com\/"
        },
        {
            "isbn": "9781491950296",
            "title": "Programming JavaScript Applications",
            "subtitle": "Robust Web Architecture with Node, HTML5, and Modern JS Libraries",
            "author": "Eric Elliott",
            "published": "2014-07-01T00:00:00.000Z",
            "publisher": "O'Reilly Media",
            "pages": 254,
            "description": "Take advantage of JavaScript's power to build robust web-scale or enterprise applications that are easy to extend and maintain. By applying the design patterns outlined in this practical book, experienced JavaScript developers will learn how to write flexible and resilient code that's easier-yes, easier-to work with as your code base grows.",
            "website": "http:\/\/chimera.labs.oreilly.com\/books\/1234000000262\/index.html"
        },
        {
            "isbn": "9781593277574",
            "title": "Understanding ECMAScript 6",
            "subtitle": "The Definitive Guide for JavaScript Developers",
            "author": "Nicholas C. Zakas",
            "published": "2016-09-03T00:00:00.000Z",
            "publisher": "No Starch Press",
            "pages": 352,
            "description": "ECMAScript 6 represents the biggest update to the core of JavaScript in the history of the language. In Understanding ECMAScript 6, expert developer Nicholas C. Zakas provides a complete guide to the object types, syntax, and other exciting changes that ECMAScript 6 brings to JavaScript.",
            "website": "https:\/\/leanpub.com\/understandinges6\/read"
        },
        {
            "isbn": "9781491904244",
            "title": "You Don't Know JS",
            "subtitle": "ES6 & Beyond",
            "author": "Kyle Simpson",
            "published": "2015-12-27T00:00:00.000Z",
            "publisher": "O'Reilly Media",
            "pages": 278,
            "description": "No matter how much experience you have with JavaScript, odds are you don\u2019t fully understand the language. As part of the 'You Don\u2019t Know JS' series, this compact guide focuses on new features available in ECMAScript 6 (ES6), the latest version of the standard upon which JavaScript is built.",
            "website": "https:\/\/github.com\/getify\/You-Dont-Know-JS\/tree\/master\/es6%20&%20beyond"
        },
        {
            "isbn": "9781449325862",
            "title": "Git Pocket Guide",
            "subtitle": "A Working Introduction",
            "author": "Richard E. Silverman",
            "published": "2013-08-02T00:00:00.000Z",
            "publisher": "O'Reilly Media",
            "pages": 234,
            "description": "This pocket guide is the perfect on-the-job companion to Git, the distributed version control system. It provides a compact, readable introduction to Git for new users, as well as a reference to common commands and procedures for those of you with Git experience.",
            "website": "http:\/\/chimera.labs.oreilly.com\/books\/1230000000561\/index.html"
        },
        {
            "isbn": "9781449337711",
            "title": "Designing Evolvable Web APIs with ASP.NET",
            "subtitle": "Harnessing the Power of the Web",
            "author": "Glenn Block, et al.",
            "published": "2014-04-07T00:00:00.000Z",
            "publisher": "O'Reilly Media",
            "pages": 538,
            "description": "Design and build Web APIs for a broad range of clients\u2014including browsers and mobile devices\u2014that can adapt to change over time. This practical, hands-on guide takes you through the theory and tools you need to build evolvable HTTP services with Microsoft\u2019s ASP.NET Web API framework. In the process, you\u2019ll learn how design and implement a real-world Web API.",
            "website": "http:\/\/chimera.labs.oreilly.com\/books\/1234000001708\/index.html"
        }
    ]
}

11:09:31.719 [JavaFX Application Thread] DEBUG com.intuit.karate.ui.AppSession - response time in milliseconds: 1292
11:09:49.676 [JavaFX Application Thread] DEBUG com.intuit.karate.ui.AppSession - 
4 > GET http://restapi.demoqa.com/utilities/books/getallbooks
4 > Accept-Encoding: gzip,deflate
4 > Connection: Keep-Alive
4 > Host: restapi.demoqa.com
4 > User-Agent: Apache-HttpClient/4.5.4 (Java/1.8.0_171)

11:09:50.409 [JavaFX Application Thread] DEBUG com.intuit.karate.ui.AppSession - 
4 < 200
4 < Access-Control-Allow-Origin: *
4 < Cache-Control: max-age=2592000
4 < Connection: keep-alive
4 < Content-Type: application/json
4 < Date: Sun, 01 Jul 2018 04:09:50 GMT
4 < Expires: Tue, 31 Jul 2018 04:09:50 GMT
4 < Server: nginx/1.12.2
4 < Vary: Accept-Encoding,User-Agent
{
    "books": [
        {
            "isbn": "9781593275846",
            "title": "Eloquent JavaScript, Second Edition",
            "subtitle": "A Modern Introduction to Programming",
            "author": "Marijn Haverbeke",
            "published": "2014-12-14T00:00:00.000Z",
            "publisher": "No Starch Press",
            "pages": 472,
            "description": "JavaScript lies at the heart of almost every modern web application, from social apps to the newest browser-based games. Though simple for beginners to pick up and play with, JavaScript is a flexible, complex language that you can use to build full-scale applications.",
            "website": "http:\/\/eloquentjavascript.net\/"
        },
        {
            "isbn": "9781449331818",
            "title": "Learning JavaScript Design Patterns",
            "subtitle": "A JavaScript and jQuery Developer's Guide",
            "author": "Addy Osmani",
            "published": "2012-07-01T00:00:00.000Z",
            "publisher": "O'Reilly Media",
            "pages": 254,
            "description": "With Learning JavaScript Design Patterns, you'll learn how to write beautiful, structured, and maintainable JavaScript by applying classical and modern design patterns to the language. If you want to keep your code efficient, more manageable, and up-to-date with the latest best practices, this book is for you.",
            "website": "http:\/\/www.addyosmani.com\/resources\/essentialjsdesignpatterns\/book\/"
        },
        {
            "isbn": "9781449365035",
            "title": "Speaking JavaScript",
            "subtitle": "An In-Depth Guide for Programmers",
            "author": "Axel Rauschmayer",
            "published": "2014-02-01T00:00:00.000Z",
            "publisher": "O'Reilly Media",
            "pages": 460,
            "description": "Like it or not, JavaScript is everywhere these days-from browser to server to mobile-and now you, too, need to learn the language or dive deeper than you have. This concise book guides you into and through JavaScript, written by a veteran programmer who once found himself in the same position.",
            "website": "http:\/\/speakingjs.com\/"
        },
        {
            "isbn": "9781491950296",
            "title": "Programming JavaScript Applications",
            "subtitle": "Robust Web Architecture with Node, HTML5, and Modern JS Libraries",
            "author": "Eric Elliott",
            "published": "2014-07-01T00:00:00.000Z",
            "publisher": "O'Reilly Media",
            "pages": 254,
            "description": "Take advantage of JavaScript's power to build robust web-scale or enterprise applications that are easy to extend and maintain. By applying the design patterns outlined in this practical book, experienced JavaScript developers will learn how to write flexible and resilient code that's easier-yes, easier-to work with as your code base grows.",
            "website": "http:\/\/chimera.labs.oreilly.com\/books\/1234000000262\/index.html"
        },
        {
            "isbn": "9781593277574",
            "title": "Understanding ECMAScript 6",
            "subtitle": "The Definitive Guide for JavaScript Developers",
            "author": "Nicholas C. Zakas",
            "published": "2016-09-03T00:00:00.000Z",
            "publisher": "No Starch Press",
            "pages": 352,
            "description": "ECMAScript 6 represents the biggest update to the core of JavaScript in the history of the language. In Understanding ECMAScript 6, expert developer Nicholas C. Zakas provides a complete guide to the object types, syntax, and other exciting changes that ECMAScript 6 brings to JavaScript.",
            "website": "https:\/\/leanpub.com\/understandinges6\/read"
        },
        {
            "isbn": "9781491904244",
            "title": "You Don't Know JS",
            "subtitle": "ES6 & Beyond",
            "author": "Kyle Simpson",
            "published": "2015-12-27T00:00:00.000Z",
            "publisher": "O'Reilly Media",
            "pages": 278,
            "description": "No matter how much experience you have with JavaScript, odds are you don\u2019t fully understand the language. As part of the 'You Don\u2019t Know JS' series, this compact guide focuses on new features available in ECMAScript 6 (ES6), the latest version of the standard upon which JavaScript is built.",
            "website": "https:\/\/github.com\/getify\/You-Dont-Know-JS\/tree\/master\/es6%20&%20beyond"
        },
        {
            "isbn": "9781449325862",
            "title": "Git Pocket Guide",
            "subtitle": "A Working Introduction",
            "author": "Richard E. Silverman",
            "published": "2013-08-02T00:00:00.000Z",
            "publisher": "O'Reilly Media",
            "pages": 234,
            "description": "This pocket guide is the perfect on-the-job companion to Git, the distributed version control system. It provides a compact, readable introduction to Git for new users, as well as a reference to common commands and procedures for those of you with Git experience.",
            "website": "http:\/\/chimera.labs.oreilly.com\/books\/1230000000561\/index.html"
        },
        {
            "isbn": "9781449337711",
            "title": "Designing Evolvable Web APIs with ASP.NET",
            "subtitle": "Harnessing the Power of the Web",
            "author": "Glenn Block, et al.",
            "published": "2014-04-07T00:00:00.000Z",
            "publisher": "O'Reilly Media",
            "pages": 538,
            "description": "Design and build Web APIs for a broad range of clients\u2014including browsers and mobile devices\u2014that can adapt to change over time. This practical, hands-on guide takes you through the theory and tools you need to build evolvable HTTP services with Microsoft\u2019s ASP.NET Web API framework. In the process, you\u2019ll learn how design and implement a real-world Web API.",
            "website": "http:\/\/chimera.labs.oreilly.com\/books\/1234000001708\/index.html"
        }
    ]
}

11:09:50.415 [JavaFX Application Thread] DEBUG com.intuit.karate.ui.AppSession - response time in milliseconds: 741
11:10:44.060 [JavaFX Application Thread] DEBUG com.intuit.karate.ui.AppSession - 
5 > GET http://restapi.demoqa.com/utilities/books/getallbooks
5 > Accept-Encoding: gzip,deflate
5 > Connection: Keep-Alive
5 > Host: restapi.demoqa.com
5 > User-Agent: Apache-HttpClient/4.5.4 (Java/1.8.0_171)

11:10:44.733 [JavaFX Application Thread] DEBUG com.intuit.karate.ui.AppSession - 
5 < 200
5 < Access-Control-Allow-Origin: *
5 < Cache-Control: max-age=2592000
5 < Connection: keep-alive
5 < Content-Type: application/json
5 < Date: Sun, 01 Jul 2018 04:10:44 GMT
5 < Expires: Tue, 31 Jul 2018 04:10:44 GMT
5 < Server: nginx/1.12.2
5 < Vary: Accept-Encoding,User-Agent
{
    "books": [
        {
            "isbn": "9781593275846",
            "title": "Eloquent JavaScript, Second Edition",
            "subtitle": "A Modern Introduction to Programming",
            "author": "Marijn Haverbeke",
            "published": "2014-12-14T00:00:00.000Z",
            "publisher": "No Starch Press",
            "pages": 472,
            "description": "JavaScript lies at the heart of almost every modern web application, from social apps to the newest browser-based games. Though simple for beginners to pick up and play with, JavaScript is a flexible, complex language that you can use to build full-scale applications.",
            "website": "http:\/\/eloquentjavascript.net\/"
        },
        {
            "isbn": "9781449331818",
            "title": "Learning JavaScript Design Patterns",
            "subtitle": "A JavaScript and jQuery Developer's Guide",
            "author": "Addy Osmani",
            "published": "2012-07-01T00:00:00.000Z",
            "publisher": "O'Reilly Media",
            "pages": 254,
            "description": "With Learning JavaScript Design Patterns, you'll learn how to write beautiful, structured, and maintainable JavaScript by applying classical and modern design patterns to the language. If you want to keep your code efficient, more manageable, and up-to-date with the latest best practices, this book is for you.",
            "website": "http:\/\/www.addyosmani.com\/resources\/essentialjsdesignpatterns\/book\/"
        },
        {
            "isbn": "9781449365035",
            "title": "Speaking JavaScript",
            "subtitle": "An In-Depth Guide for Programmers",
            "author": "Axel Rauschmayer",
            "published": "2014-02-01T00:00:00.000Z",
            "publisher": "O'Reilly Media",
            "pages": 460,
            "description": "Like it or not, JavaScript is everywhere these days-from browser to server to mobile-and now you, too, need to learn the language or dive deeper than you have. This concise book guides you into and through JavaScript, written by a veteran programmer who once found himself in the same position.",
            "website": "http:\/\/speakingjs.com\/"
        },
        {
            "isbn": "9781491950296",
            "title": "Programming JavaScript Applications",
            "subtitle": "Robust Web Architecture with Node, HTML5, and Modern JS Libraries",
            "author": "Eric Elliott",
            "published": "2014-07-01T00:00:00.000Z",
            "publisher": "O'Reilly Media",
            "pages": 254,
            "description": "Take advantage of JavaScript's power to build robust web-scale or enterprise applications that are easy to extend and maintain. By applying the design patterns outlined in this practical book, experienced JavaScript developers will learn how to write flexible and resilient code that's easier-yes, easier-to work with as your code base grows.",
            "website": "http:\/\/chimera.labs.oreilly.com\/books\/1234000000262\/index.html"
        },
        {
            "isbn": "9781593277574",
            "title": "Understanding ECMAScript 6",
            "subtitle": "The Definitive Guide for JavaScript Developers",
            "author": "Nicholas C. Zakas",
            "published": "2016-09-03T00:00:00.000Z",
            "publisher": "No Starch Press",
            "pages": 352,
            "description": "ECMAScript 6 represents the biggest update to the core of JavaScript in the history of the language. In Understanding ECMAScript 6, expert developer Nicholas C. Zakas provides a complete guide to the object types, syntax, and other exciting changes that ECMAScript 6 brings to JavaScript.",
            "website": "https:\/\/leanpub.com\/understandinges6\/read"
        },
        {
            "isbn": "9781491904244",
            "title": "You Don't Know JS",
            "subtitle": "ES6 & Beyond",
            "author": "Kyle Simpson",
            "published": "2015-12-27T00:00:00.000Z",
            "publisher": "O'Reilly Media",
            "pages": 278,
            "description": "No matter how much experience you have with JavaScript, odds are you don\u2019t fully understand the language. As part of the 'You Don\u2019t Know JS' series, this compact guide focuses on new features available in ECMAScript 6 (ES6), the latest version of the standard upon which JavaScript is built.",
            "website": "https:\/\/github.com\/getify\/You-Dont-Know-JS\/tree\/master\/es6%20&%20beyond"
        },
        {
            "isbn": "9781449325862",
            "title": "Git Pocket Guide",
            "subtitle": "A Working Introduction",
            "author": "Richard E. Silverman",
            "published": "2013-08-02T00:00:00.000Z",
            "publisher": "O'Reilly Media",
            "pages": 234,
            "description": "This pocket guide is the perfect on-the-job companion to Git, the distributed version control system. It provides a compact, readable introduction to Git for new users, as well as a reference to common commands and procedures for those of you with Git experience.",
            "website": "http:\/\/chimera.labs.oreilly.com\/books\/1230000000561\/index.html"
        },
        {
            "isbn": "9781449337711",
            "title": "Designing Evolvable Web APIs with ASP.NET",
            "subtitle": "Harnessing the Power of the Web",
            "author": "Glenn Block, et al.",
            "published": "2014-04-07T00:00:00.000Z",
            "publisher": "O'Reilly Media",
            "pages": 538,
            "description": "Design and build Web APIs for a broad range of clients\u2014including browsers and mobile devices\u2014that can adapt to change over time. This practical, hands-on guide takes you through the theory and tools you need to build evolvable HTTP services with Microsoft\u2019s ASP.NET Web API framework. In the process, you\u2019ll learn how design and implement a real-world Web API.",
            "website": "http:\/\/chimera.labs.oreilly.com\/books\/1234000001708\/index.html"
        }
    ]
}

11:10:44.739 [JavaFX Application Thread] DEBUG com.intuit.karate.ui.AppSession - response time in milliseconds: 680
11:10:45.196 [JavaFX Application Thread] DEBUG com.intuit.karate.ui.AppSession - 
6 > GET http://restapi.demoqa.com/utilities/books/getallbooks
6 > Accept-Encoding: gzip,deflate
6 > Connection: Keep-Alive
6 > Host: restapi.demoqa.com
6 > User-Agent: Apache-HttpClient/4.5.4 (Java/1.8.0_171)

11:10:45.889 [JavaFX Application Thread] DEBUG com.intuit.karate.ui.AppSession - 
6 < 200
6 < Access-Control-Allow-Origin: *
6 < Cache-Control: max-age=2592000
6 < Connection: keep-alive
6 < Content-Type: application/json
6 < Date: Sun, 01 Jul 2018 04:10:45 GMT
6 < Expires: Tue, 31 Jul 2018 04:10:45 GMT
6 < Server: nginx/1.12.2
6 < Vary: Accept-Encoding,User-Agent
{
    "books": [
        {
            "isbn": "9781593275846",
            "title": "Eloquent JavaScript, Second Edition",
            "subtitle": "A Modern Introduction to Programming",
            "author": "Marijn Haverbeke",
            "published": "2014-12-14T00:00:00.000Z",
            "publisher": "No Starch Press",
            "pages": 472,
            "description": "JavaScript lies at the heart of almost every modern web application, from social apps to the newest browser-based games. Though simple for beginners to pick up and play with, JavaScript is a flexible, complex language that you can use to build full-scale applications.",
            "website": "http:\/\/eloquentjavascript.net\/"
        },
        {
            "isbn": "9781449331818",
            "title": "Learning JavaScript Design Patterns",
            "subtitle": "A JavaScript and jQuery Developer's Guide",
            "author": "Addy Osmani",
            "published": "2012-07-01T00:00:00.000Z",
            "publisher": "O'Reilly Media",
            "pages": 254,
            "description": "With Learning JavaScript Design Patterns, you'll learn how to write beautiful, structured, and maintainable JavaScript by applying classical and modern design patterns to the language. If you want to keep your code efficient, more manageable, and up-to-date with the latest best practices, this book is for you.",
            "website": "http:\/\/www.addyosmani.com\/resources\/essentialjsdesignpatterns\/book\/"
        },
        {
            "isbn": "9781449365035",
            "title": "Speaking JavaScript",
            "subtitle": "An In-Depth Guide for Programmers",
            "author": "Axel Rauschmayer",
            "published": "2014-02-01T00:00:00.000Z",
            "publisher": "O'Reilly Media",
            "pages": 460,
            "description": "Like it or not, JavaScript is everywhere these days-from browser to server to mobile-and now you, too, need to learn the language or dive deeper than you have. This concise book guides you into and through JavaScript, written by a veteran programmer who once found himself in the same position.",
            "website": "http:\/\/speakingjs.com\/"
        },
        {
            "isbn": "9781491950296",
            "title": "Programming JavaScript Applications",
            "subtitle": "Robust Web Architecture with Node, HTML5, and Modern JS Libraries",
            "author": "Eric Elliott",
            "published": "2014-07-01T00:00:00.000Z",
            "publisher": "O'Reilly Media",
            "pages": 254,
            "description": "Take advantage of JavaScript's power to build robust web-scale or enterprise applications that are easy to extend and maintain. By applying the design patterns outlined in this practical book, experienced JavaScript developers will learn how to write flexible and resilient code that's easier-yes, easier-to work with as your code base grows.",
            "website": "http:\/\/chimera.labs.oreilly.com\/books\/1234000000262\/index.html"
        },
        {
            "isbn": "9781593277574",
            "title": "Understanding ECMAScript 6",
            "subtitle": "The Definitive Guide for JavaScript Developers",
            "author": "Nicholas C. Zakas",
            "published": "2016-09-03T00:00:00.000Z",
            "publisher": "No Starch Press",
            "pages": 352,
            "description": "ECMAScript 6 represents the biggest update to the core of JavaScript in the history of the language. In Understanding ECMAScript 6, expert developer Nicholas C. Zakas provides a complete guide to the object types, syntax, and other exciting changes that ECMAScript 6 brings to JavaScript.",
            "website": "https:\/\/leanpub.com\/understandinges6\/read"
        },
        {
            "isbn": "9781491904244",
            "title": "You Don't Know JS",
            "subtitle": "ES6 & Beyond",
            "author": "Kyle Simpson",
            "published": "2015-12-27T00:00:00.000Z",
            "publisher": "O'Reilly Media",
            "pages": 278,
            "description": "No matter how much experience you have with JavaScript, odds are you don\u2019t fully understand the language. As part of the 'You Don\u2019t Know JS' series, this compact guide focuses on new features available in ECMAScript 6 (ES6), the latest version of the standard upon which JavaScript is built.",
            "website": "https:\/\/github.com\/getify\/You-Dont-Know-JS\/tree\/master\/es6%20&%20beyond"
        },
        {
            "isbn": "9781449325862",
            "title": "Git Pocket Guide",
            "subtitle": "A Working Introduction",
            "author": "Richard E. Silverman",
            "published": "2013-08-02T00:00:00.000Z",
            "publisher": "O'Reilly Media",
            "pages": 234,
            "description": "This pocket guide is the perfect on-the-job companion to Git, the distributed version control system. It provides a compact, readable introduction to Git for new users, as well as a reference to common commands and procedures for those of you with Git experience.",
            "website": "http:\/\/chimera.labs.oreilly.com\/books\/1230000000561\/index.html"
        },
        {
            "isbn": "9781449337711",
            "title": "Designing Evolvable Web APIs with ASP.NET",
            "subtitle": "Harnessing the Power of the Web",
            "author": "Glenn Block, et al.",
            "published": "2014-04-07T00:00:00.000Z",
            "publisher": "O'Reilly Media",
            "pages": 538,
            "description": "Design and build Web APIs for a broad range of clients\u2014including browsers and mobile devices\u2014that can adapt to change over time. This practical, hands-on guide takes you through the theory and tools you need to build evolvable HTTP services with Microsoft\u2019s ASP.NET Web API framework. In the process, you\u2019ll learn how design and implement a real-world Web API.",
            "website": "http:\/\/chimera.labs.oreilly.com\/books\/1234000001708\/index.html"
        }
    ]
}

11:10:45.895 [JavaFX Application Thread] DEBUG com.intuit.karate.ui.AppSession - response time in milliseconds: 702
11:10:46.001 [JavaFX Application Thread] DEBUG com.intuit.karate.ui.AppSession - 
7 > GET http://restapi.demoqa.com/utilities/books/getallbooks
7 > Accept-Encoding: gzip,deflate
7 > Connection: Keep-Alive
7 > Host: restapi.demoqa.com
7 > User-Agent: Apache-HttpClient/4.5.4 (Java/1.8.0_171)

11:10:46.708 [JavaFX Application Thread] DEBUG com.intuit.karate.ui.AppSession - 
7 < 200
7 < Access-Control-Allow-Origin: *
7 < Cache-Control: max-age=2592000
7 < Connection: keep-alive
7 < Content-Type: application/json
7 < Date: Sun, 01 Jul 2018 04:10:46 GMT
7 < Expires: Tue, 31 Jul 2018 04:10:46 GMT
7 < Server: nginx/1.12.2
7 < Vary: Accept-Encoding,User-Agent
{
    "books": [
        {
            "isbn": "9781593275846",
            "title": "Eloquent JavaScript, Second Edition",
            "subtitle": "A Modern Introduction to Programming",
            "author": "Marijn Haverbeke",
            "published": "2014-12-14T00:00:00.000Z",
            "publisher": "No Starch Press",
            "pages": 472,
            "description": "JavaScript lies at the heart of almost every modern web application, from social apps to the newest browser-based games. Though simple for beginners to pick up and play with, JavaScript is a flexible, complex language that you can use to build full-scale applications.",
            "website": "http:\/\/eloquentjavascript.net\/"
        },
        {
            "isbn": "9781449331818",
            "title": "Learning JavaScript Design Patterns",
            "subtitle": "A JavaScript and jQuery Developer's Guide",
            "author": "Addy Osmani",
            "published": "2012-07-01T00:00:00.000Z",
            "publisher": "O'Reilly Media",
            "pages": 254,
            "description": "With Learning JavaScript Design Patterns, you'll learn how to write beautiful, structured, and maintainable JavaScript by applying classical and modern design patterns to the language. If you want to keep your code efficient, more manageable, and up-to-date with the latest best practices, this book is for you.",
            "website": "http:\/\/www.addyosmani.com\/resources\/essentialjsdesignpatterns\/book\/"
        },
        {
            "isbn": "9781449365035",
            "title": "Speaking JavaScript",
            "subtitle": "An In-Depth Guide for Programmers",
            "author": "Axel Rauschmayer",
            "published": "2014-02-01T00:00:00.000Z",
            "publisher": "O'Reilly Media",
            "pages": 460,
            "description": "Like it or not, JavaScript is everywhere these days-from browser to server to mobile-and now you, too, need to learn the language or dive deeper than you have. This concise book guides you into and through JavaScript, written by a veteran programmer who once found himself in the same position.",
            "website": "http:\/\/speakingjs.com\/"
        },
        {
            "isbn": "9781491950296",
            "title": "Programming JavaScript Applications",
            "subtitle": "Robust Web Architecture with Node, HTML5, and Modern JS Libraries",
            "author": "Eric Elliott",
            "published": "2014-07-01T00:00:00.000Z",
            "publisher": "O'Reilly Media",
            "pages": 254,
            "description": "Take advantage of JavaScript's power to build robust web-scale or enterprise applications that are easy to extend and maintain. By applying the design patterns outlined in this practical book, experienced JavaScript developers will learn how to write flexible and resilient code that's easier-yes, easier-to work with as your code base grows.",
            "website": "http:\/\/chimera.labs.oreilly.com\/books\/1234000000262\/index.html"
        },
        {
            "isbn": "9781593277574",
            "title": "Understanding ECMAScript 6",
            "subtitle": "The Definitive Guide for JavaScript Developers",
            "author": "Nicholas C. Zakas",
            "published": "2016-09-03T00:00:00.000Z",
            "publisher": "No Starch Press",
            "pages": 352,
            "description": "ECMAScript 6 represents the biggest update to the core of JavaScript in the history of the language. In Understanding ECMAScript 6, expert developer Nicholas C. Zakas provides a complete guide to the object types, syntax, and other exciting changes that ECMAScript 6 brings to JavaScript.",
            "website": "https:\/\/leanpub.com\/understandinges6\/read"
        },
        {
            "isbn": "9781491904244",
            "title": "You Don't Know JS",
            "subtitle": "ES6 & Beyond",
            "author": "Kyle Simpson",
            "published": "2015-12-27T00:00:00.000Z",
            "publisher": "O'Reilly Media",
            "pages": 278,
            "description": "No matter how much experience you have with JavaScript, odds are you don\u2019t fully understand the language. As part of the 'You Don\u2019t Know JS' series, this compact guide focuses on new features available in ECMAScript 6 (ES6), the latest version of the standard upon which JavaScript is built.",
            "website": "https:\/\/github.com\/getify\/You-Dont-Know-JS\/tree\/master\/es6%20&%20beyond"
        },
        {
            "isbn": "9781449325862",
            "title": "Git Pocket Guide",
            "subtitle": "A Working Introduction",
            "author": "Richard E. Silverman",
            "published": "2013-08-02T00:00:00.000Z",
            "publisher": "O'Reilly Media",
            "pages": 234,
            "description": "This pocket guide is the perfect on-the-job companion to Git, the distributed version control system. It provides a compact, readable introduction to Git for new users, as well as a reference to common commands and procedures for those of you with Git experience.",
            "website": "http:\/\/chimera.labs.oreilly.com\/books\/1230000000561\/index.html"
        },
        {
            "isbn": "9781449337711",
            "title": "Designing Evolvable Web APIs with ASP.NET",
            "subtitle": "Harnessing the Power of the Web",
            "author": "Glenn Block, et al.",
            "published": "2014-04-07T00:00:00.000Z",
            "publisher": "O'Reilly Media",
            "pages": 538,
            "description": "Design and build Web APIs for a broad range of clients\u2014including browsers and mobile devices\u2014that can adapt to change over time. This practical, hands-on guide takes you through the theory and tools you need to build evolvable HTTP services with Microsoft\u2019s ASP.NET Web API framework. In the process, you\u2019ll learn how design and implement a real-world Web API.",
            "website": "http:\/\/chimera.labs.oreilly.com\/books\/1234000001708\/index.html"
        }
    ]
}

11:10:46.735 [JavaFX Application Thread] DEBUG com.intuit.karate.ui.AppSession - response time in milliseconds: 735
11:10:46.835 [JavaFX Application Thread] DEBUG com.intuit.karate.ui.AppSession - 
8 > GET http://restapi.demoqa.com/utilities/books/getallbooks
8 > Accept-Encoding: gzip,deflate
8 > Connection: Keep-Alive
8 > Host: restapi.demoqa.com
8 > User-Agent: Apache-HttpClient/4.5.4 (Java/1.8.0_171)

11:10:47.551 [JavaFX Application Thread] DEBUG com.intuit.karate.ui.AppSession - 
8 < 200
8 < Access-Control-Allow-Origin: *
8 < Cache-Control: max-age=2592000
8 < Connection: keep-alive
8 < Content-Type: application/json
8 < Date: Sun, 01 Jul 2018 04:10:47 GMT
8 < Expires: Tue, 31 Jul 2018 04:10:47 GMT
8 < Server: nginx/1.12.2
8 < Vary: Accept-Encoding,User-Agent
{
    "books": [
        {
            "isbn": "9781593275846",
            "title": "Eloquent JavaScript, Second Edition",
            "subtitle": "A Modern Introduction to Programming",
            "author": "Marijn Haverbeke",
            "published": "2014-12-14T00:00:00.000Z",
            "publisher": "No Starch Press",
            "pages": 472,
            "description": "JavaScript lies at the heart of almost every modern web application, from social apps to the newest browser-based games. Though simple for beginners to pick up and play with, JavaScript is a flexible, complex language that you can use to build full-scale applications.",
            "website": "http:\/\/eloquentjavascript.net\/"
        },
        {
            "isbn": "9781449331818",
            "title": "Learning JavaScript Design Patterns",
            "subtitle": "A JavaScript and jQuery Developer's Guide",
            "author": "Addy Osmani",
            "published": "2012-07-01T00:00:00.000Z",
            "publisher": "O'Reilly Media",
            "pages": 254,
            "description": "With Learning JavaScript Design Patterns, you'll learn how to write beautiful, structured, and maintainable JavaScript by applying classical and modern design patterns to the language. If you want to keep your code efficient, more manageable, and up-to-date with the latest best practices, this book is for you.",
            "website": "http:\/\/www.addyosmani.com\/resources\/essentialjsdesignpatterns\/book\/"
        },
        {
            "isbn": "9781449365035",
            "title": "Speaking JavaScript",
            "subtitle": "An In-Depth Guide for Programmers",
            "author": "Axel Rauschmayer",
            "published": "2014-02-01T00:00:00.000Z",
            "publisher": "O'Reilly Media",
            "pages": 460,
            "description": "Like it or not, JavaScript is everywhere these days-from browser to server to mobile-and now you, too, need to learn the language or dive deeper than you have. This concise book guides you into and through JavaScript, written by a veteran programmer who once found himself in the same position.",
            "website": "http:\/\/speakingjs.com\/"
        },
        {
            "isbn": "9781491950296",
            "title": "Programming JavaScript Applications",
            "subtitle": "Robust Web Architecture with Node, HTML5, and Modern JS Libraries",
            "author": "Eric Elliott",
            "published": "2014-07-01T00:00:00.000Z",
            "publisher": "O'Reilly Media",
            "pages": 254,
            "description": "Take advantage of JavaScript's power to build robust web-scale or enterprise applications that are easy to extend and maintain. By applying the design patterns outlined in this practical book, experienced JavaScript developers will learn how to write flexible and resilient code that's easier-yes, easier-to work with as your code base grows.",
            "website": "http:\/\/chimera.labs.oreilly.com\/books\/1234000000262\/index.html"
        },
        {
            "isbn": "9781593277574",
            "title": "Understanding ECMAScript 6",
            "subtitle": "The Definitive Guide for JavaScript Developers",
            "author": "Nicholas C. Zakas",
            "published": "2016-09-03T00:00:00.000Z",
            "publisher": "No Starch Press",
            "pages": 352,
            "description": "ECMAScript 6 represents the biggest update to the core of JavaScript in the history of the language. In Understanding ECMAScript 6, expert developer Nicholas C. Zakas provides a complete guide to the object types, syntax, and other exciting changes that ECMAScript 6 brings to JavaScript.",
            "website": "https:\/\/leanpub.com\/understandinges6\/read"
        },
        {
            "isbn": "9781491904244",
            "title": "You Don't Know JS",
            "subtitle": "ES6 & Beyond",
            "author": "Kyle Simpson",
            "published": "2015-12-27T00:00:00.000Z",
            "publisher": "O'Reilly Media",
            "pages": 278,
            "description": "No matter how much experience you have with JavaScript, odds are you don\u2019t fully understand the language. As part of the 'You Don\u2019t Know JS' series, this compact guide focuses on new features available in ECMAScript 6 (ES6), the latest version of the standard upon which JavaScript is built.",
            "website": "https:\/\/github.com\/getify\/You-Dont-Know-JS\/tree\/master\/es6%20&%20beyond"
        },
        {
            "isbn": "9781449325862",
            "title": "Git Pocket Guide",
            "subtitle": "A Working Introduction",
            "author": "Richard E. Silverman",
            "published": "2013-08-02T00:00:00.000Z",
            "publisher": "O'Reilly Media",
            "pages": 234,
            "description": "This pocket guide is the perfect on-the-job companion to Git, the distributed version control system. It provides a compact, readable introduction to Git for new users, as well as a reference to common commands and procedures for those of you with Git experience.",
            "website": "http:\/\/chimera.labs.oreilly.com\/books\/1230000000561\/index.html"
        },
        {
            "isbn": "9781449337711",
            "title": "Designing Evolvable Web APIs with ASP.NET",
            "subtitle": "Harnessing the Power of the Web",
            "author": "Glenn Block, et al.",
            "published": "2014-04-07T00:00:00.000Z",
            "publisher": "O'Reilly Media",
            "pages": 538,
            "description": "Design and build Web APIs for a broad range of clients\u2014including browsers and mobile devices\u2014that can adapt to change over time. This practical, hands-on guide takes you through the theory and tools you need to build evolvable HTTP services with Microsoft\u2019s ASP.NET Web API framework. In the process, you\u2019ll learn how design and implement a real-world Web API.",
            "website": "http:\/\/chimera.labs.oreilly.com\/books\/1234000001708\/index.html"
        }
    ]
}

11:10:47.566 [JavaFX Application Thread] DEBUG com.intuit.karate.ui.AppSession - response time in milliseconds: 732
11:10:47.669 [JavaFX Application Thread] DEBUG com.intuit.karate.ui.AppSession - 
9 > GET http://restapi.demoqa.com/utilities/books/getallbooks
9 > Accept-Encoding: gzip,deflate
9 > Connection: Keep-Alive
9 > Host: restapi.demoqa.com
9 > User-Agent: Apache-HttpClient/4.5.4 (Java/1.8.0_171)

11:10:48.347 [JavaFX Application Thread] DEBUG com.intuit.karate.ui.AppSession - 
9 < 200
9 < Access-Control-Allow-Origin: *
9 < Cache-Control: max-age=2592000
9 < Connection: keep-alive
9 < Content-Type: application/json
9 < Date: Sun, 01 Jul 2018 04:10:48 GMT
9 < Expires: Tue, 31 Jul 2018 04:10:48 GMT
9 < Server: nginx/1.12.2
9 < Vary: Accept-Encoding,User-Agent
{
    "books": [
        {
            "isbn": "9781593275846",
            "title": "Eloquent JavaScript, Second Edition",
            "subtitle": "A Modern Introduction to Programming",
            "author": "Marijn Haverbeke",
            "published": "2014-12-14T00:00:00.000Z",
            "publisher": "No Starch Press",
            "pages": 472,
            "description": "JavaScript lies at the heart of almost every modern web application, from social apps to the newest browser-based games. Though simple for beginners to pick up and play with, JavaScript is a flexible, complex language that you can use to build full-scale applications.",
            "website": "http:\/\/eloquentjavascript.net\/"
        },
        {
            "isbn": "9781449331818",
            "title": "Learning JavaScript Design Patterns",
            "subtitle": "A JavaScript and jQuery Developer's Guide",
            "author": "Addy Osmani",
            "published": "2012-07-01T00:00:00.000Z",
            "publisher": "O'Reilly Media",
            "pages": 254,
            "description": "With Learning JavaScript Design Patterns, you'll learn how to write beautiful, structured, and maintainable JavaScript by applying classical and modern design patterns to the language. If you want to keep your code efficient, more manageable, and up-to-date with the latest best practices, this book is for you.",
            "website": "http:\/\/www.addyosmani.com\/resources\/essentialjsdesignpatterns\/book\/"
        },
        {
            "isbn": "9781449365035",
            "title": "Speaking JavaScript",
            "subtitle": "An In-Depth Guide for Programmers",
            "author": "Axel Rauschmayer",
            "published": "2014-02-01T00:00:00.000Z",
            "publisher": "O'Reilly Media",
            "pages": 460,
            "description": "Like it or not, JavaScript is everywhere these days-from browser to server to mobile-and now you, too, need to learn the language or dive deeper than you have. This concise book guides you into and through JavaScript, written by a veteran programmer who once found himself in the same position.",
            "website": "http:\/\/speakingjs.com\/"
        },
        {
            "isbn": "9781491950296",
            "title": "Programming JavaScript Applications",
            "subtitle": "Robust Web Architecture with Node, HTML5, and Modern JS Libraries",
            "author": "Eric Elliott",
            "published": "2014-07-01T00:00:00.000Z",
            "publisher": "O'Reilly Media",
            "pages": 254,
            "description": "Take advantage of JavaScript's power to build robust web-scale or enterprise applications that are easy to extend and maintain. By applying the design patterns outlined in this practical book, experienced JavaScript developers will learn how to write flexible and resilient code that's easier-yes, easier-to work with as your code base grows.",
            "website": "http:\/\/chimera.labs.oreilly.com\/books\/1234000000262\/index.html"
        },
        {
            "isbn": "9781593277574",
            "title": "Understanding ECMAScript 6",
            "subtitle": "The Definitive Guide for JavaScript Developers",
            "author": "Nicholas C. Zakas",
            "published": "2016-09-03T00:00:00.000Z",
            "publisher": "No Starch Press",
            "pages": 352,
            "description": "ECMAScript 6 represents the biggest update to the core of JavaScript in the history of the language. In Understanding ECMAScript 6, expert developer Nicholas C. Zakas provides a complete guide to the object types, syntax, and other exciting changes that ECMAScript 6 brings to JavaScript.",
            "website": "https:\/\/leanpub.com\/understandinges6\/read"
        },
        {
            "isbn": "9781491904244",
            "title": "You Don't Know JS",
            "subtitle": "ES6 & Beyond",
            "author": "Kyle Simpson",
            "published": "2015-12-27T00:00:00.000Z",
            "publisher": "O'Reilly Media",
            "pages": 278,
            "description": "No matter how much experience you have with JavaScript, odds are you don\u2019t fully understand the language. As part of the 'You Don\u2019t Know JS' series, this compact guide focuses on new features available in ECMAScript 6 (ES6), the latest version of the standard upon which JavaScript is built.",
            "website": "https:\/\/github.com\/getify\/You-Dont-Know-JS\/tree\/master\/es6%20&%20beyond"
        },
        {
            "isbn": "9781449325862",
            "title": "Git Pocket Guide",
            "subtitle": "A Working Introduction",
            "author": "Richard E. Silverman",
            "published": "2013-08-02T00:00:00.000Z",
            "publisher": "O'Reilly Media",
            "pages": 234,
            "description": "This pocket guide is the perfect on-the-job companion to Git, the distributed version control system. It provides a compact, readable introduction to Git for new users, as well as a reference to common commands and procedures for those of you with Git experience.",
            "website": "http:\/\/chimera.labs.oreilly.com\/books\/1230000000561\/index.html"
        },
        {
            "isbn": "9781449337711",
            "title": "Designing Evolvable Web APIs with ASP.NET",
            "subtitle": "Harnessing the Power of the Web",
            "author": "Glenn Block, et al.",
            "published": "2014-04-07T00:00:00.000Z",
            "publisher": "O'Reilly Media",
            "pages": 538,
            "description": "Design and build Web APIs for a broad range of clients\u2014including browsers and mobile devices\u2014that can adapt to change over time. This practical, hands-on guide takes you through the theory and tools you need to build evolvable HTTP services with Microsoft\u2019s ASP.NET Web API framework. In the process, you\u2019ll learn how design and implement a real-world Web API.",
            "website": "http:\/\/chimera.labs.oreilly.com\/books\/1234000001708\/index.html"
        }
    ]
}

11:10:48.358 [JavaFX Application Thread] DEBUG com.intuit.karate.ui.AppSession - response time in milliseconds: 691
11:11:17.018 [JavaFX Application Thread] DEBUG com.intuit.karate.ui.AppSession - 
10 > GET http://restapi.demoqa.com/utilities/books/getallbooks
10 > Accept-Encoding: gzip,deflate
10 > Connection: Keep-Alive
10 > Host: restapi.demoqa.com
10 > User-Agent: Apache-HttpClient/4.5.4 (Java/1.8.0_171)

11:11:17.989 [JavaFX Application Thread] DEBUG com.intuit.karate.ui.AppSession - 
10 < 200
10 < Access-Control-Allow-Origin: *
10 < Cache-Control: max-age=2592000
10 < Connection: keep-alive
10 < Content-Type: application/json
10 < Date: Sun, 01 Jul 2018 04:11:17 GMT
10 < Expires: Tue, 31 Jul 2018 04:11:17 GMT
10 < Server: nginx/1.12.2
10 < Vary: Accept-Encoding,User-Agent
{
    "books": [
        {
            "isbn": "9781593275846",
            "title": "Eloquent JavaScript, Second Edition",
            "subtitle": "A Modern Introduction to Programming",
            "author": "Marijn Haverbeke",
            "published": "2014-12-14T00:00:00.000Z",
            "publisher": "No Starch Press",
            "pages": 472,
            "description": "JavaScript lies at the heart of almost every modern web application, from social apps to the newest browser-based games. Though simple for beginners to pick up and play with, JavaScript is a flexible, complex language that you can use to build full-scale applications.",
            "website": "http:\/\/eloquentjavascript.net\/"
        },
        {
            "isbn": "9781449331818",
            "title": "Learning JavaScript Design Patterns",
            "subtitle": "A JavaScript and jQuery Developer's Guide",
            "author": "Addy Osmani",
            "published": "2012-07-01T00:00:00.000Z",
            "publisher": "O'Reilly Media",
            "pages": 254,
            "description": "With Learning JavaScript Design Patterns, you'll learn how to write beautiful, structured, and maintainable JavaScript by applying classical and modern design patterns to the language. If you want to keep your code efficient, more manageable, and up-to-date with the latest best practices, this book is for you.",
            "website": "http:\/\/www.addyosmani.com\/resources\/essentialjsdesignpatterns\/book\/"
        },
        {
            "isbn": "9781449365035",
            "title": "Speaking JavaScript",
            "subtitle": "An In-Depth Guide for Programmers",
            "author": "Axel Rauschmayer",
            "published": "2014-02-01T00:00:00.000Z",
            "publisher": "O'Reilly Media",
            "pages": 460,
            "description": "Like it or not, JavaScript is everywhere these days-from browser to server to mobile-and now you, too, need to learn the language or dive deeper than you have. This concise book guides you into and through JavaScript, written by a veteran programmer who once found himself in the same position.",
            "website": "http:\/\/speakingjs.com\/"
        },
        {
            "isbn": "9781491950296",
            "title": "Programming JavaScript Applications",
            "subtitle": "Robust Web Architecture with Node, HTML5, and Modern JS Libraries",
            "author": "Eric Elliott",
            "published": "2014-07-01T00:00:00.000Z",
            "publisher": "O'Reilly Media",
            "pages": 254,
            "description": "Take advantage of JavaScript's power to build robust web-scale or enterprise applications that are easy to extend and maintain. By applying the design patterns outlined in this practical book, experienced JavaScript developers will learn how to write flexible and resilient code that's easier-yes, easier-to work with as your code base grows.",
            "website": "http:\/\/chimera.labs.oreilly.com\/books\/1234000000262\/index.html"
        },
        {
            "isbn": "9781593277574",
            "title": "Understanding ECMAScript 6",
            "subtitle": "The Definitive Guide for JavaScript Developers",
            "author": "Nicholas C. Zakas",
            "published": "2016-09-03T00:00:00.000Z",
            "publisher": "No Starch Press",
            "pages": 352,
            "description": "ECMAScript 6 represents the biggest update to the core of JavaScript in the history of the language. In Understanding ECMAScript 6, expert developer Nicholas C. Zakas provides a complete guide to the object types, syntax, and other exciting changes that ECMAScript 6 brings to JavaScript.",
            "website": "https:\/\/leanpub.com\/understandinges6\/read"
        },
        {
            "isbn": "9781491904244",
            "title": "You Don't Know JS",
            "subtitle": "ES6 & Beyond",
            "author": "Kyle Simpson",
            "published": "2015-12-27T00:00:00.000Z",
            "publisher": "O'Reilly Media",
            "pages": 278,
            "description": "No matter how much experience you have with JavaScript, odds are you don\u2019t fully understand the language. As part of the 'You Don\u2019t Know JS' series, this compact guide focuses on new features available in ECMAScript 6 (ES6), the latest version of the standard upon which JavaScript is built.",
            "website": "https:\/\/github.com\/getify\/You-Dont-Know-JS\/tree\/master\/es6%20&%20beyond"
        },
        {
            "isbn": "9781449325862",
            "title": "Git Pocket Guide",
            "subtitle": "A Working Introduction",
            "author": "Richard E. Silverman",
            "published": "2013-08-02T00:00:00.000Z",
            "publisher": "O'Reilly Media",
            "pages": 234,
            "description": "This pocket guide is the perfect on-the-job companion to Git, the distributed version control system. It provides a compact, readable introduction to Git for new users, as well as a reference to common commands and procedures for those of you with Git experience.",
            "website": "http:\/\/chimera.labs.oreilly.com\/books\/1230000000561\/index.html"
        },
        {
            "isbn": "9781449337711",
            "title": "Designing Evolvable Web APIs with ASP.NET",
            "subtitle": "Harnessing the Power of the Web",
            "author": "Glenn Block, et al.",
            "published": "2014-04-07T00:00:00.000Z",
            "publisher": "O'Reilly Media",
            "pages": 538,
            "description": "Design and build Web APIs for a broad range of clients\u2014including browsers and mobile devices\u2014that can adapt to change over time. This practical, hands-on guide takes you through the theory and tools you need to build evolvable HTTP services with Microsoft\u2019s ASP.NET Web API framework. In the process, you\u2019ll learn how design and implement a real-world Web API.",
            "website": "http:\/\/chimera.labs.oreilly.com\/books\/1234000001708\/index.html"
        }
    ]
}

11:11:17.997 [JavaFX Application Thread] DEBUG com.intuit.karate.ui.AppSession - response time in milliseconds: 981
11:11:30.848 [JavaFX Application Thread] DEBUG com.intuit.karate.ui.AppSession - 
11 > GET http://restapi.demoqa.com/utilities/books/getallbooks
11 > Accept-Encoding: gzip,deflate
11 > Connection: Keep-Alive
11 > Host: restapi.demoqa.com
11 > User-Agent: Apache-HttpClient/4.5.4 (Java/1.8.0_171)

11:11:32.355 [JavaFX Application Thread] DEBUG com.intuit.karate.ui.AppSession - 
11 < 200
11 < Access-Control-Allow-Origin: *
11 < Cache-Control: max-age=2592000
11 < Connection: keep-alive
11 < Content-Type: application/json
11 < Date: Sun, 01 Jul 2018 04:11:31 GMT
11 < Expires: Tue, 31 Jul 2018 04:11:31 GMT
11 < Server: nginx/1.12.2
11 < Vary: Accept-Encoding,User-Agent
{
    "books": [
        {
            "isbn": "9781593275846",
            "title": "Eloquent JavaScript, Second Edition",
            "subtitle": "A Modern Introduction to Programming",
            "author": "Marijn Haverbeke",
            "published": "2014-12-14T00:00:00.000Z",
            "publisher": "No Starch Press",
            "pages": 472,
            "description": "JavaScript lies at the heart of almost every modern web application, from social apps to the newest browser-based games. Though simple for beginners to pick up and play with, JavaScript is a flexible, complex language that you can use to build full-scale applications.",
            "website": "http:\/\/eloquentjavascript.net\/"
        },
        {
            "isbn": "9781449331818",
            "title": "Learning JavaScript Design Patterns",
            "subtitle": "A JavaScript and jQuery Developer's Guide",
            "author": "Addy Osmani",
            "published": "2012-07-01T00:00:00.000Z",
            "publisher": "O'Reilly Media",
            "pages": 254,
            "description": "With Learning JavaScript Design Patterns, you'll learn how to write beautiful, structured, and maintainable JavaScript by applying classical and modern design patterns to the language. If you want to keep your code efficient, more manageable, and up-to-date with the latest best practices, this book is for you.",
            "website": "http:\/\/www.addyosmani.com\/resources\/essentialjsdesignpatterns\/book\/"
        },
        {
            "isbn": "9781449365035",
            "title": "Speaking JavaScript",
            "subtitle": "An In-Depth Guide for Programmers",
            "author": "Axel Rauschmayer",
            "published": "2014-02-01T00:00:00.000Z",
            "publisher": "O'Reilly Media",
            "pages": 460,
            "description": "Like it or not, JavaScript is everywhere these days-from browser to server to mobile-and now you, too, need to learn the language or dive deeper than you have. This concise book guides you into and through JavaScript, written by a veteran programmer who once found himself in the same position.",
            "website": "http:\/\/speakingjs.com\/"
        },
        {
            "isbn": "9781491950296",
            "title": "Programming JavaScript Applications",
            "subtitle": "Robust Web Architecture with Node, HTML5, and Modern JS Libraries",
            "author": "Eric Elliott",
            "published": "2014-07-01T00:00:00.000Z",
            "publisher": "O'Reilly Media",
            "pages": 254,
            "description": "Take advantage of JavaScript's power to build robust web-scale or enterprise applications that are easy to extend and maintain. By applying the design patterns outlined in this practical book, experienced JavaScript developers will learn how to write flexible and resilient code that's easier-yes, easier-to work with as your code base grows.",
            "website": "http:\/\/chimera.labs.oreilly.com\/books\/1234000000262\/index.html"
        },
        {
            "isbn": "9781593277574",
            "title": "Understanding ECMAScript 6",
            "subtitle": "The Definitive Guide for JavaScript Developers",
            "author": "Nicholas C. Zakas",
            "published": "2016-09-03T00:00:00.000Z",
            "publisher": "No Starch Press",
            "pages": 352,
            "description": "ECMAScript 6 represents the biggest update to the core of JavaScript in the history of the language. In Understanding ECMAScript 6, expert developer Nicholas C. Zakas provides a complete guide to the object types, syntax, and other exciting changes that ECMAScript 6 brings to JavaScript.",
            "website": "https:\/\/leanpub.com\/understandinges6\/read"
        },
        {
            "isbn": "9781491904244",
            "title": "You Don't Know JS",
            "subtitle": "ES6 & Beyond",
            "author": "Kyle Simpson",
            "published": "2015-12-27T00:00:00.000Z",
            "publisher": "O'Reilly Media",
            "pages": 278,
            "description": "No matter how much experience you have with JavaScript, odds are you don\u2019t fully understand the language. As part of the 'You Don\u2019t Know JS' series, this compact guide focuses on new features available in ECMAScript 6 (ES6), the latest version of the standard upon which JavaScript is built.",
            "website": "https:\/\/github.com\/getify\/You-Dont-Know-JS\/tree\/master\/es6%20&%20beyond"
        },
        {
            "isbn": "9781449325862",
            "title": "Git Pocket Guide",
            "subtitle": "A Working Introduction",
            "author": "Richard E. Silverman",
            "published": "2013-08-02T00:00:00.000Z",
            "publisher": "O'Reilly Media",
            "pages": 234,
            "description": "This pocket guide is the perfect on-the-job companion to Git, the distributed version control system. It provides a compact, readable introduction to Git for new users, as well as a reference to common commands and procedures for those of you with Git experience.",
            "website": "http:\/\/chimera.labs.oreilly.com\/books\/1230000000561\/index.html"
        },
        {
            "isbn": "9781449337711",
            "title": "Designing Evolvable Web APIs with ASP.NET",
            "subtitle": "Harnessing the Power of the Web",
            "author": "Glenn Block, et al.",
            "published": "2014-04-07T00:00:00.000Z",
            "publisher": "O'Reilly Media",
            "pages": 538,
            "description": "Design and build Web APIs for a broad range of clients\u2014including browsers and mobile devices\u2014that can adapt to change over time. This practical, hands-on guide takes you through the theory and tools you need to build evolvable HTTP services with Microsoft\u2019s ASP.NET Web API framework. In the process, you\u2019ll learn how design and implement a real-world Web API.",
            "website": "http:\/\/chimera.labs.oreilly.com\/books\/1234000001708\/index.html"
        }
    ]
}

11:11:32.364 [JavaFX Application Thread] DEBUG com.intuit.karate.ui.AppSession - response time in milliseconds: 1517
